app/build/intermediates/manifest_merge_blame_file/debug/manifest-merger-blame-debug-report.txt
1<?xml version="1.0" encoding="utf-8"?>
2<!--
3    ~ Copyright 2022 The TensorFlow Authors. All Rights Reserved.
4    ~
5    ~ Licensed under the Apache License, Version 2.0 (the "License");
6    ~ you may not use this file except in compliance with the License.
7    ~ You may obtain a copy of the License at
8    ~
9    ~       http://www.apache.org/licenses/LICENSE-2.0
10    ~
11    ~ Unless required by applicable law or agreed to in writing, software
12    ~ distributed under the License is distributed on an "AS IS" BASIS,
13    ~ WITHOUT WARRANTIES OR CONDITIONS OF ANY KIND, either express or implied.
14    ~ See the License for the specific language governing permissions and
15    ~ limitations under the License.
16-->
17<manifest xmlns:android="http://schemas.android.com/apk/res/android"
18    xmlns:dist="http://schemas.android.com/apk/distribution"
19    package="org.tensorflow.lite.examples.imageclassification"
20    android:versionCode="1"
21    android:versionName="1.0" >
22
23    <uses-sdk
24        android:minSdkVersion="23"
24-->src\main\AndroidManifest.xml
25        android:targetSdkVersion="32" />
25-->src\main\AndroidManifest.xml
26
27    <!-- Enable instant app support -->
28    <dist:module dist:instant="true" />
28-->src\main\AndroidManifest.xml:23:5-40
28-->src\main\AndroidManifest.xml:23:18-37
29
30    <!-- Declare features -->
31    <uses-feature android:name="android.hardware.camera" />
31-->src\main\AndroidManifest.xml:26:5-60
31-->src\main\AndroidManifest.xml:26:19-57
32
33    <!-- Declare permissions -->
34    <uses-permission android:name="android.permission.CAMERA" />
34-->src\main\AndroidManifest.xml:29:5-65
34-->src\main\AndroidManifest.xml:29:22-62
35    <uses-permission android:name="android.permission.WRITE_EXTERNAL_STORAGE" />
36    <uses-permission android:name="android.permission.READ_PHONE_STATE" />
37    <uses-permission android:name="android.permission.READ_EXTERNAL_STORAGE" />
38
39    <application
39-->src\main\AndroidManifest.xml:31:5-62:19
40        android:allowBackup="true"
40-->src\main\AndroidManifest.xml:32:9-35
41        android:appComponentFactory="androidx.core.app.CoreComponentFactory"
41-->[androidx.core:core:1.8.0] AndroidManifest.xml:24:18-86
42        android:debuggable="true"
43        android:extractNativeLibs="false"
44        android:icon="@mipmap/ic_launcher"
44-->src\main\AndroidManifest.xml:33:9-43
45        android:label="@string/app_name"
45-->src\main\AndroidManifest.xml:34:9-41
46        android:roundIcon="@mipmap/ic_launcher_round"
46-->src\main\AndroidManifest.xml:35:9-54
47        android:supportsRtl="true"
47-->src\main\AndroidManifest.xml:36:9-35
48        android:taskAffinity=""
48-->src\main\AndroidManifest.xml:37:9-32
49        android:testOnly="true" >
50        <activity
50-->src\main\AndroidManifest.xml:40:9-61:20
51            android:name="org.tensorflow.lite.examples.imageclassification.MainActivity"
51-->src\main\AndroidManifest.xml:41:13-41
52            android:clearTaskOnLaunch="true"
52-->src\main\AndroidManifest.xml:42:13-45
53            android:configChanges="orientation|screenLayout|screenSize|smallestScreenSize"
53-->src\main\AndroidManifest.xml:43:13-91
54            android:exported="true"
54-->src\main\AndroidManifest.xml:44:13-36
55            android:resizeableActivity="true"
55-->src\main\AndroidManifest.xml:45:13-46
56            android:rotationAnimation="seamless"
56-->src\main\AndroidManifest.xml:46:13-49
57            android:theme="@style/AppTheme" >
57-->src\main\AndroidManifest.xml:47:13-44
58
59            <!-- Main app intent filter -->
60            <intent-filter>
60-->src\main\AndroidManifest.xml:51:13-55:29
61                <action android:name="android.intent.action.MAIN" />
61-->src\main\AndroidManifest.xml:52:17-69
61-->src\main\AndroidManifest.xml:52:25-66
62
63                <category android:name="android.intent.category.LAUNCHER" />
63-->src\main\AndroidManifest.xml:54:17-77
63-->src\main\AndroidManifest.xml:54:27-74
64            </intent-filter>
65
66            <!-- Declare notch support -->
67            <meta-data
67-->src\main\AndroidManifest.xml:58:13-60:40
68                android:name="android.notch_support"
68-->src\main\AndroidManifest.xml:59:17-53
69                android:value="true" />
69-->src\main\AndroidManifest.xml:60:17-37
70        </activity>
71
72        <uses-library
72-->[androidx.window:window:1.1.0-alpha02] AndroidManifest.xml:25:9-27:40
73            android:name="androidx.window.extensions"
73-->[androidx.window:window:1.1.0-alpha02] AndroidManifest.xml:26:13-54
74            android:required="false" />
74-->[androidx.window:window:1.1.0-alpha02] AndroidManifest.xml:27:13-37
75        <uses-library
75-->[androidx.window:window:1.1.0-alpha02] AndroidManifest.xml:28:9-30:40
76            android:name="androidx.window.sidecar"
76-->[androidx.window:window:1.1.0-alpha02] AndroidManifest.xml:29:13-51
77            android:required="false" />
77-->[androidx.window:window:1.1.0-alpha02] AndroidManifest.xml:30:13-37
78
79        <service
79-->[androidx.camera:camera-camera2:1.2.0-alpha02] AndroidManifest.xml:25:9-34:19
80            android:name="androidx.camera.core.impl.MetadataHolderService"
80-->[androidx.camera:camera-camera2:1.2.0-alpha02] AndroidManifest.xml:26:13-75
81            android:enabled="false"
81-->[androidx.camera:camera-camera2:1.2.0-alpha02] AndroidManifest.xml:27:13-36
82            android:exported="false" >
82-->[androidx.camera:camera-camera2:1.2.0-alpha02] AndroidManifest.xml:28:13-37
83            <meta-data
83-->[androidx.camera:camera-camera2:1.2.0-alpha02] AndroidManifest.xml:31:13-33:89
84                android:name="androidx.camera.core.impl.MetadataHolderService.DEFAULT_CONFIG_PROVIDER"
84-->[androidx.camera:camera-camera2:1.2.0-alpha02] AndroidManifest.xml:32:17-103
85                android:value="androidx.camera.camera2.Camera2Config$DefaultProvider" />
85-->[androidx.camera:camera-camera2:1.2.0-alpha02] AndroidManifest.xml:33:17-86
86        </service>
87
88        <provider
88-->[androidx.emoji2:emoji2:1.0.0] AndroidManifest.xml:26:9-34:20
89            android:name="androidx.startup.InitializationProvider"
89-->[androidx.emoji2:emoji2:1.0.0] AndroidManifest.xml:27:13-67
90            android:authorities="org.tensorflow.lite.examples.imageclassification.androidx-startup"
90-->[androidx.emoji2:emoji2:1.0.0] AndroidManifest.xml:28:13-68
91            android:exported="false" >
91-->[androidx.emoji2:emoji2:1.0.0] AndroidManifest.xml:29:13-37
92            <meta-data
92-->[androidx.emoji2:emoji2:1.0.0] AndroidManifest.xml:31:13-33:52
93                android:name="androidx.emoji2.text.EmojiCompatInitializer"
93-->[androidx.emoji2:emoji2:1.0.0] AndroidManifest.xml:32:17-75
94                android:value="androidx.startup" />
94-->[androidx.emoji2:emoji2:1.0.0] AndroidManifest.xml:33:17-49
95            <meta-data
95-->[androidx.lifecycle:lifecycle-process:2.4.0] AndroidManifest.xml:31:13-33:52
96                android:name="androidx.lifecycle.ProcessLifecycleInitializer"
96-->[androidx.lifecycle:lifecycle-process:2.4.0] AndroidManifest.xml:32:17-78
97                android:value="androidx.startup" />
97-->[androidx.lifecycle:lifecycle-process:2.4.0] AndroidManifest.xml:33:17-49
98        </provider>
99    </application>
100
101</manifest>